System of 2 servers in tandem running for 1000 minutes

Mean arrival time: 1.0
Minimum and Maximum transit times: [0.0, 2.0]
Mean service time of queue 0: 0.7
Mean service time of queue 1: 0.9

Repatition number 0

Average delay in queues:

Queue 0		Queue 1		

0.919090503745518		3.8917612289269736		



Average number in queues:

Queue 0		Queue 1		

0.933351090645382		3.9160243112967965		



Server utilization:

Queue 0		Queue 1		

0.6924274609658407		0.8618909411343422		



Average Number in Transit to :

Queue 0		Queue 1		

0.0		0.9971654081006421		



Maximum Number in Transit to:

Queue 0		Queue 1		

0		5		


Repatition number 1

Average delay in queues:

Queue 0		Queue 1		

1.4352404020505076		11.170803139537831		



Average number in queues:

Queue 0		Queue 1		

1.4560919057736244		11.245576697339919		



Server utilization:

Queue 0		Queue 1		

0.6712471147135899		0.9672739549912415		



Average Number in Transit to :

Queue 0		Queue 1		

0.0		0.9918595839992188		



Maximum Number in Transit to:

Queue 0		Queue 1		

0		7		


Repatition number 2

Average delay in queues:

Queue 0		Queue 1		

1.5557342740639688		5.478870240763812		



Average number in queues:

Queue 0		Queue 1		

1.6148007560777573		5.681407525556133		



Server utilization:

Queue 0		Queue 1		

0.7116914258003398		0.8989161092617354		



Average Number in Transit to :

Queue 0		Queue 1		

0.0		1.0354352275232863		



Maximum Number in Transit to:

Queue 0		Queue 1		

0		7		


Repatition number 3

Average delay in queues:

Queue 0		Queue 1		

2.0845758760578894		4.340198810042103		



Average number in queues:

Queue 0		Queue 1		

2.0574172291538235		4.260724868478183		



Server utilization:

Queue 0		Queue 1		

0.6873923846683131		0.8630955482098632		



Average Number in Transit to :

Queue 0		Queue 1		

0.0		1.001037811985718		



Maximum Number in Transit to:

Queue 0		Queue 1		

0		6		


Repatition number 4

Average delay in queues:

Queue 0		Queue 1		

1.6965977430488204		9.623947551115739		



Average number in queues:

Queue 0		Queue 1		

1.786430077868428		10.119001200528652		



Server utilization:

Queue 0		Queue 1		

0.7151017717340061		0.9442521497016036		



Average Number in Transit to :

Queue 0		Queue 1		

0.0		1.0549410383076632		



Maximum Number in Transit to:

Queue 0		Queue 1		

0		6		


Repatition number 5

Average delay in queues:

Queue 0		Queue 1		

2.6306950715863473		11.394529888773912		



Average number in queues:

Queue 0		Queue 1		

2.8088109872076346		12.135177865655		



Server utilization:

Queue 0		Queue 1		

0.7572444413364784		0.9700375291163538		



Average Number in Transit to :

Queue 0		Queue 1		

0.0		1.0605319461201064		



Maximum Number in Transit to:

Queue 0		Queue 1		

0		6		


Repatition number 6

Average delay in queues:

Queue 0		Queue 1		

1.585942172533854		6.361803899181539		



Average number in queues:

Queue 0		Queue 1		

1.53924982415392		6.152941018244397		



Server utilization:

Queue 0		Queue 1		

0.6987355805745182		0.8943934244998196		



Average Number in Transit to :

Queue 0		Queue 1		

0.0		0.9542976976205044		



Maximum Number in Transit to:

Queue 0		Queue 1		

0		6		


Repatition number 7

Average delay in queues:

Queue 0		Queue 1		

1.9339695742917362		7.3523521929261815		



Average number in queues:

Queue 0		Queue 1		

1.97551899935397		7.341863056372861		



Server utilization:

Queue 0		Queue 1		

0.7060991296001053		0.924041601803264		



Average Number in Transit to :

Queue 0		Queue 1		

0.0		0.9861587733629922		



Maximum Number in Transit to:

Queue 0		Queue 1		

0		6		


Repatition number 8

Average delay in queues:

Queue 0		Queue 1		

1.302197908495847		15.511633112174184		



Average number in queues:

Queue 0		Queue 1		

1.325549871456056		15.759279205903127		



Server utilization:

Queue 0		Queue 1		

0.672165208536041		0.9557701390478714		



Average Number in Transit to :

Queue 0		Queue 1		

0.0		1.0000859507398376		



Maximum Number in Transit to:

Queue 0		Queue 1		

0		6		


Repatition number 9

Average delay in queues:

Queue 0		Queue 1		

1.3844221104991323		7.387138518897058		



Average number in queues:

Queue 0		Queue 1		

1.3298263572215534		7.068457462468833		



Server utilization:

Queue 0		Queue 1		

0.6701121164305994		0.8537356992597084		



Average Number in Transit to :

Queue 0		Queue 1		

0.0		0.9411915428841297		



Maximum Number in Transit to:

Queue 0		Queue 1		

0		6		

