System of 2 servers in tandem running 1000.00 minutes

Mean arrival time: 1.00
Mean service time of server 1: 0.70
Mean service time of server 2: 0.90


 Repatition #1



Average delay in queues:
Queue 0		Queue 1		
------------------------------
0.45211		0.79435		


Average number in queues:
Queue 0		Queue 1		
------------------------------
0.93165		1.60709		


Server utilization:
Queue 0		Queue 1		
------------------------------
0.48249		0.34030		


 Repatition #2



Average delay in queues:
Queue 0		Queue 1		
------------------------------
0.45524		0.78762		


Average number in queues:
Queue 0		Queue 1		
------------------------------
1.19039		3.01690		


Server utilization:
Queue 0		Queue 1		
------------------------------
0.50807		0.33140		


 Repatition #3



Average delay in queues:
Queue 0		Queue 1		
------------------------------
0.42222		0.63463		


Average number in queues:
Queue 0		Queue 1		
------------------------------
0.76961		1.37543		


Server utilization:
Queue 0		Queue 1		
------------------------------
0.46696		0.32029		


 Repatition #4



Average delay in queues:
Queue 0		Queue 1		
------------------------------
0.44971		0.87961		


Average number in queues:
Queue 0		Queue 1		
------------------------------
0.92600		3.47738		


Server utilization:
Queue 0		Queue 1		
------------------------------
0.48056		0.35766		


 Repatition #5



Average delay in queues:
Queue 0		Queue 1		
------------------------------
0.48508		0.78433		


Average number in queues:
Queue 0		Queue 1		
------------------------------
1.15975		3.02944		


Server utilization:
Queue 0		Queue 1		
------------------------------
0.51142		0.34452		


 Repatition #6



Average delay in queues:
Queue 0		Queue 1		
------------------------------
0.47200		0.80295		


Average number in queues:
Queue 0		Queue 1		
------------------------------
1.14344		1.96459		


Server utilization:
Queue 0		Queue 1		
------------------------------
0.49449		0.35561		


 Repatition #7



Average delay in queues:
Queue 0		Queue 1		
------------------------------
0.42687		0.74208		


Average number in queues:
Queue 0		Queue 1		
------------------------------
1.33535		1.79163		


Server utilization:
Queue 0		Queue 1		
------------------------------
0.49295		0.33580		


 Repatition #8



Average delay in queues:
Queue 0		Queue 1		
------------------------------
0.52284		0.77525		


Average number in queues:
Queue 0		Queue 1		
------------------------------
1.19481		1.93199		


Server utilization:
Queue 0		Queue 1		
------------------------------
0.50994		0.33564		


 Repatition #9



Average delay in queues:
Queue 0		Queue 1		
------------------------------
0.45470		0.78204		


Average number in queues:
Queue 0		Queue 1		
------------------------------
0.89740		1.63204		


Server utilization:
Queue 0		Queue 1		
------------------------------
0.47993		0.34736		


 Repatition #10



Average delay in queues:
Queue 0		Queue 1		
------------------------------
0.45008		0.78338		


Average number in queues:
Queue 0		Queue 1		
------------------------------
0.88713		2.26395		


Server utilization:
Queue 0		Queue 1		
------------------------------
0.45888		0.34738		
